{"/home/macanmeong/klone-jest/using-es-6/src/math.servis.js": {"path":"/home/macanmeong/klone-jest/using-es-6/src/math.servis.js","statementMap":{"0":{"start":{"line":3,"column":4},"end":{"line":3,"column":28}}},"fnMap":{"0":{"name":"(anonymous_0)","decl":{"start":{"line":2,"column":2},"end":{"line":2,"column":3}},"loc":{"start":{"line":2,"column":33},"end":{"line":4,"column":3}},"line":2}},"branchMap":{},"s":{"0":1},"f":{"0":1},"b":{},"_coverageSchema":"1a1c01bbd47fc00a2c39e90264f33305004495a9","hash":"176e830b14700567fc0ccd9bf8d595784fd574bd"}
}
